<?xml version="1.0" encoding="UTF-8"?>
<!-- Generated by org.testng.reporters.JUnitXMLReporter -->
<testsuite ignored="0" hostname="user-PC" failures="0" tests="4" name="Default test" time="0.18" errors="0" timestamp="2022-04-10T22:33:54 IST">
  <testcase classname="annotations.Grouping" name="login" time="0.023"/>
  <testcase classname="annotations.Grouping" name="dashBoard" time="0.003"/>
  <testcase classname="annotations.Grouping" name="profile" time="0.004"/>
  <testcase classname="annotations.Grouping" name="logout" time="0.002"/>
</testsuite> <!-- Default test -->
