<?xml version="1.0" encoding="UTF-8"?>
<!-- Generated by org.testng.reporters.JUnitXMLReporter -->
<testsuite ignored="0" hostname="user-PC" failures="1" tests="1" name="Test" time="18.514" errors="0" timestamp="2022-04-07T21:39:59 IST">
  <testcase classname="listners_in_testng.TestClassListnersExample3" name="loginPage" time="16.258">
    <failure type="junit.framework.ComparisonFailure" message="expected:&amp;lt;[invalid credeintial]&amp;gt; but was:&amp;lt;[Invalid credentials]&amp;gt;">
      <![CDATA[junit.framework.ComparisonFailure: expected:<[invalid credeintial]> but was:<[Invalid credentials]>
at junit.framework.Assert.assertEquals(Assert.java:100)
at junit.framework.Assert.assertEquals(Assert.java:107)
at listners_in_testng.TestClassListnersExample3.loginPage(TestClassListnersExample3.java:45)
at java.base/java.util.ArrayList.forEach(ArrayList.java:1511)
... Removed 27 stack frames]]>
    </failure>
  </testcase> <!-- loginPage -->
</testsuite> <!-- Test -->
