<?xml version="1.0" encoding="UTF-8"?>
<testng-results ignored="0" total="4" passed="4" failed="0" skipped="0">
  <reporter-output>
  </reporter-output>
  <suite started-at="2022-04-10T22:33:54 IST" name="Default suite" finished-at="2022-04-10T22:33:54 IST" duration-ms="180">
    <groups>
      <group name="Functional">
        <method signature="Grouping.dashBoard()[pri:2, instance:annotations.Grouping@54bff557]" name="dashBoard" class="annotations.Grouping"/>
      </group> <!-- Functional -->
      <group name="Sanity">
        <method signature="Grouping.dashBoard()[pri:2, instance:annotations.Grouping@54bff557]" name="dashBoard" class="annotations.Grouping"/>
        <method signature="Grouping.login()[pri:1, instance:annotations.Grouping@54bff557]" name="login" class="annotations.Grouping"/>
      </group> <!-- Sanity -->
      <group name="Regression">
        <method signature="Grouping.profile()[pri:3, instance:annotations.Grouping@54bff557]" name="profile" class="annotations.Grouping"/>
      </group> <!-- Regression -->
    </groups>
    <test started-at="2022-04-10T22:33:54 IST" name="Default test" finished-at="2022-04-10T22:33:54 IST" duration-ms="180">
      <class name="annotations.Grouping">
        <test-method signature="login()[pri:1, instance:annotations.Grouping@54bff557]" started-at="2022-04-10T22:33:54 IST" name="login" finished-at="2022-04-10T22:33:54 IST" duration-ms="23" status="PASS">
          <reporter-output>
          </reporter-output>
        </test-method> <!-- login -->
        <test-method signature="dashBoard()[pri:2, instance:annotations.Grouping@54bff557]" started-at="2022-04-10T22:33:54 IST" name="dashBoard" description="dashboard test cases " finished-at="2022-04-10T22:33:54 IST" duration-ms="3" status="PASS">
          <reporter-output>
          </reporter-output>
        </test-method> <!-- dashBoard -->
        <test-method signature="profile()[pri:3, instance:annotations.Grouping@54bff557]" started-at="2022-04-10T22:33:54 IST" name="profile" finished-at="2022-04-10T22:33:54 IST" duration-ms="4" status="PASS">
          <reporter-output>
          </reporter-output>
        </test-method> <!-- profile -->
        <test-method signature="logout()[pri:4, instance:annotations.Grouping@54bff557]" started-at="2022-04-10T22:33:54 IST" name="logout" finished-at="2022-04-10T22:33:54 IST" duration-ms="2" status="PASS">
          <reporter-output>
          </reporter-output>
        </test-method> <!-- logout -->
      </class> <!-- annotations.Grouping -->
    </test> <!-- Default test -->
  </suite> <!-- Default suite -->
</testng-results>
